<?xml version="1.0" encoding="UTF-8"?>
<!-- Generated by org.testng.reporters.JUnitReportReporter -->
<testsuite hostname="LAPTOP-NIVB2QPG" failures="0" tests="3" name="TestCases.HomePageTestCases" time="17.167" errors="0" timestamp="2023-12-19T22:40:46 IST" skipped="0">
  <testcase classname="TestCases.HomePageTestCases" name="verifySearchVoicebutton" time="6.846"/>
  <testcase classname="TestCases.HomePageTestCases" name="verifyTitle" time="2.781"/>
  <testcase classname="TestCases.HomePageTestCases" name="verifysearchBox" time="7.540"/>
</testsuite> <!-- TestCases.HomePageTestCases -->
